[debug] [2023-05-14T10:01:06.343Z] ----------------------------------------------------------------------
[debug] [2023-05-14T10:01:06.345Z] Command:       C:\Program Files\nodejs\node.exe C:\Users\Biswaranjan Subudhi\AppData\Roaming\npm\node_modules\firebase-tools\lib\bin\firebase.js deploy
[debug] [2023-05-14T10:01:06.346Z] CLI Version:   12.0.0
[debug] [2023-05-14T10:01:06.346Z] Platform:      win32
[debug] [2023-05-14T10:01:06.346Z] Node Version:  v18.13.0
[debug] [2023-05-14T10:01:06.347Z] Time:          Sun May 14 2023 15:31:06 GMT+0530 (India Standard Time)
[debug] [2023-05-14T10:01:06.348Z] ----------------------------------------------------------------------
[debug] 
[debug] [2023-05-14T10:01:06.449Z] > command requires scopes: ["email","openid","https://www.googleapis.com/auth/cloudplatformprojects.readonly","https://www.googleapis.com/auth/firebase","https://www.googleapis.com/auth/cloud-platform"]
[debug] [2023-05-14T10:01:06.450Z] > authorizing via signed-in user (biswaranjan.cuh@gmail.com)
[debug] [2023-05-14T10:01:06.450Z] [iam] checking project omnifood-users for permissions ["firebase.projects.get","firebasehosting.sites.update"]
[debug] [2023-05-14T10:01:06.453Z] >>> [apiv2][query] POST https://cloudresourcemanager.googleapis.com/v1/projects/omnifood-users:testIamPermissions [none]
[debug] [2023-05-14T10:01:06.454Z] >>> [apiv2][(partial)header] POST https://cloudresourcemanager.googleapis.com/v1/projects/omnifood-users:testIamPermissions x-goog-quota-user=projects/omnifood-users
[debug] [2023-05-14T10:01:06.454Z] >>> [apiv2][body] POST https://cloudresourcemanager.googleapis.com/v1/projects/omnifood-users:testIamPermissions {"permissions":["firebase.projects.get","firebasehosting.sites.update"]}
[debug] [2023-05-14T10:01:15.328Z] [iam] error while checking permissions, command may fail: FirebaseError: Failed to make request to https://cloudresourcemanager.googleapis.com/v1/projects/omnifood-users:testIamPermissions
[debug] [2023-05-14T10:01:15.341Z] >>> [apiv2][query] GET https://firebase.googleapis.com/v1beta1/projects/omnifood-users [none]
[debug] [2023-05-14T10:01:16.364Z] <<< [apiv2][status] GET https://firebase.googleapis.com/v1beta1/projects/omnifood-users 200
[debug] [2023-05-14T10:01:16.365Z] <<< [apiv2][body] GET https://firebase.googleapis.com/v1beta1/projects/omnifood-users {"projectId":"omnifood-users","projectNumber":"735727785022","displayName":"Omnifood Users","name":"projects/omnifood-users","resources":{"hostingSite":"omnifood-users","storageBucket":"omnifood-users.appspot.com","locationId":"asia-south1"},"state":"ACTIVE","etag":"1_3e6eb47d-2ae7-4321-a8dc-819a653723c2"}
[info] 
[info] === Deploying to 'omnifood-users'...
[info] 
[info] i  deploying hosting 
[debug] [2023-05-14T10:01:16.382Z] >>> [apiv2][query] POST https://firebasehosting.googleapis.com/v1beta1/projects/-/sites/omnifood-users/versions [none]
[debug] [2023-05-14T10:01:16.382Z] >>> [apiv2][body] POST https://firebasehosting.googleapis.com/v1beta1/projects/-/sites/omnifood-users/versions {"status":"CREATED","labels":{"deployment-tool":"cli-firebase"}}
[debug] [2023-05-14T10:01:19.069Z] <<< [apiv2][status] POST https://firebasehosting.googleapis.com/v1beta1/projects/-/sites/omnifood-users/versions 200
[debug] [2023-05-14T10:01:19.069Z] <<< [apiv2][body] POST https://firebasehosting.googleapis.com/v1beta1/projects/-/sites/omnifood-users/versions {"name":"projects/735727785022/sites/omnifood-users/versions/d15df013c2f02f2a","status":"CREATED","config":{},"labels":{"deployment-tool":"cli-firebase"}}
[info] i  hosting[omnifood-users]: beginning deploy... 
[info] i  hosting[omnifood-users]: found 28 files in build 
[debug] [2023-05-14T10:01:19.109Z] [hosting] uploading with 200 concurrency
[debug] [2023-05-14T10:01:23.286Z] [hosting] hash cache [YnVpbGQ] stored for 28 files
[debug] [2023-05-14T10:01:23.288Z] [hosting][hash queue][FINAL] {"max":4139,"min":10,"avg":458.2857142857143,"active":0,"complete":28,"success":28,"errored":0,"retried":0,"total":28,"elapsed":4175}
[debug] [2023-05-14T10:01:23.290Z] >>> [apiv2][query] POST https://firebasehosting.googleapis.com/v1beta1/projects/735727785022/sites/omnifood-users/versions/d15df013c2f02f2a:populateFiles [none]
[debug] [2023-05-14T10:01:23.290Z] >>> [apiv2][body] POST https://firebasehosting.googleapis.com/v1beta1/projects/735727785022/sites/omnifood-users/versions/d15df013c2f02f2a:populateFiles {"files":{"/googlecafcd678b4e72ef1.html":"f5b5a57fbb64007a3af9a1249f18634b04b0713b85a4763cc5ed1c66445405d2","/manifest.json":"4373ba3ab5973590af43ee753a26b10750137451f2661bb96913d339abd2659d","/omnifood-logo.png":"f9980826637f8aab9221301505a9ce8595f764604308a09e6a755f72b6fe8538","/robots.txt":"21f6197d2193a02223a81d0a86ae9acf83d8f1b53591ace9334892287487c207","/_redirects":"90fb3ca3e3e8b88234aceaa4e5336f02c284f4dab053c6cd651c150e9196019c","/css/theme-rtl.min.css":"543efc397403cde923ed22eb96a997d7f39963511f969afa3edfb2e66096713d","/css/theme.min.css":"dcea75c64b88dbd0d87ef4544acd469a744ec1888a1f198448859d6b588819c2","/css/theme.min.css.map":"1b56eef2c7fedb82eda9e395504d63ead7468a9d45de859ae6d866c4f6682347","/css/user-rtl.min.css":"46b50c321b39e89a491b6727a01628c34245605a30beb3e7414c5e01cff90e6e","/css/user.min.css":"46b50c321b39e89a491b6727a01628c34245605a30beb3e7414c5e01cff90e6e","/css/user.min.css.map":"009261faccb54ab8a328995204644685341acd20758aae020f73c86d28a9e313","/asset-manifest.json":"30ff73437715e61c81c51ec4330315388a36c326a880f3454cf4f904ef5932a9","/index.html":"2e12346fb9d003f848bdbf3fffd201506e238c39681f0a31f1088cf05514893d","/static/js/main.82e2a82b.js.LICENSE.txt":"0b7df2580434b51e2d44284c01c33d17df6ea4ea8e3154c9eb909a27c072690c","/static/css/main.312d49c9.css":"8475248633319cc734d348bcebaf75c6d8ace8fa1a4c4c0cd50b5c20936418c5","/static/media/cloud-upload.4358f33e4cb30fb3b9c8865f74335508.svg":"c08a61307fdc81aea9b870abe7733bf4d52233f8a93f2f469fcb533846373a36","/static/media/slick.2630a3e3eab21c607e21.svg":"d00477d40ed40fa1dd3bdee27d9286804121b15fea83bae7d5415d902b055de0","/static/media/image.747b0b6cf39a7394335d46fb57b5465b.svg":"511a5dea0b4fc137e832e1655388a8b7953e9aec60ed85d86a00acaa921ce4de","/static/media/slick.295183786cd8a1389865.woff":"029a727c9e1081d2f9e1015f02f18da88f268512ea4f58589a6f17f532928530","/static/media/slick.a4e97f5a2a64f0ab1323.eot":"52b9a169969e053d43df6bd21c4dc789c2518d99afd8590a17ef50cd24c77cf6","/static/media/slick.c94f7671dcc99dce43e2.ttf":"6aad751007cf9a89350af287f824ab64f096c472c7c9c679fb3d55b6174fc004","/static/css/main.312d49c9.css.map":"bddd94ec7122ec7ffc948444cb643ff9e1df3cdc6f475cc09826596ac541d796","/static/media/video-2.e70558ab1a0bf7099de0.mp4":"5b99a20ba61e14f8b2df012ab6a0697a5aeeb1d27aaf31fc57a14b764807e60d","/static/js/main.82e2a82b.js":"647f86b8555e85758d324e00d2433d15a6b700ecb540b648ac94a965f03ab549","/static/media/video-1.5badbd480b2e8a3ef8fe.mp4":"a16d9c679b62bd9da7ad03683626d71c64b780aa641a8a4de60594146695377c","/static/media/video-3.41470a51b70eaa94df74.mp4":"7a7d64628dbb827477707319b40963a8fb8b0fe3acdfb4cc2850b685bf7d2537","/static/media/video-4.f516447d6ccc82204a09.mp4":"65b8888efc997b2700596d893721462e02b1de2482645ae137cdd79ae5b80c24","/static/js/main.82e2a82b.js.map":"b159d507948148c5b81c0f2c3d9b680a7f5cae9862824a0556ff180bb5e7266d"}}
[debug] [2023-05-14T10:01:25.477Z] <<< [apiv2][status] POST https://firebasehosting.googleapis.com/v1beta1/projects/735727785022/sites/omnifood-users/versions/d15df013c2f02f2a:populateFiles 200
[debug] [2023-05-14T10:01:25.477Z] <<< [apiv2][body] POST https://firebasehosting.googleapis.com/v1beta1/projects/735727785022/sites/omnifood-users/versions/d15df013c2f02f2a:populateFiles {"uploadRequiredHashes":["30ff73437715e61c81c51ec4330315388a36c326a880f3454cf4f904ef5932a9","2e12346fb9d003f848bdbf3fffd201506e238c39681f0a31f1088cf05514893d","647f86b8555e85758d324e00d2433d15a6b700ecb540b648ac94a965f03ab549","b159d507948148c5b81c0f2c3d9b680a7f5cae9862824a0556ff180bb5e7266d"],"uploadUrl":"https://upload-firebasehosting.googleapis.com/upload/sites/omnifood-users/versions/d15df013c2f02f2a/files"}
[debug] [2023-05-14T10:01:25.480Z] >>> [apiv2][query] POST https://upload-firebasehosting.googleapis.com/upload/sites/omnifood-users/versions/d15df013c2f02f2a/files/30ff73437715e61c81c51ec4330315388a36c326a880f3454cf4f904ef5932a9 [none]
[debug] [2023-05-14T10:01:25.480Z] >>> [apiv2][body] POST https://upload-firebasehosting.googleapis.com/upload/sites/omnifood-users/versions/d15df013c2f02f2a/files/30ff73437715e61c81c51ec4330315388a36c326a880f3454cf4f904ef5932a9 [stream]
[debug] [2023-05-14T10:01:25.483Z] >>> [apiv2][query] POST https://upload-firebasehosting.googleapis.com/upload/sites/omnifood-users/versions/d15df013c2f02f2a/files/2e12346fb9d003f848bdbf3fffd201506e238c39681f0a31f1088cf05514893d [none]
[debug] [2023-05-14T10:01:25.483Z] >>> [apiv2][body] POST https://upload-firebasehosting.googleapis.com/upload/sites/omnifood-users/versions/d15df013c2f02f2a/files/2e12346fb9d003f848bdbf3fffd201506e238c39681f0a31f1088cf05514893d [stream]
[debug] [2023-05-14T10:01:25.485Z] >>> [apiv2][query] POST https://upload-firebasehosting.googleapis.com/upload/sites/omnifood-users/versions/d15df013c2f02f2a/files/647f86b8555e85758d324e00d2433d15a6b700ecb540b648ac94a965f03ab549 [none]
[debug] [2023-05-14T10:01:25.485Z] >>> [apiv2][body] POST https://upload-firebasehosting.googleapis.com/upload/sites/omnifood-users/versions/d15df013c2f02f2a/files/647f86b8555e85758d324e00d2433d15a6b700ecb540b648ac94a965f03ab549 [stream]
[debug] [2023-05-14T10:01:25.486Z] >>> [apiv2][query] POST https://upload-firebasehosting.googleapis.com/upload/sites/omnifood-users/versions/d15df013c2f02f2a/files/b159d507948148c5b81c0f2c3d9b680a7f5cae9862824a0556ff180bb5e7266d [none]
[debug] [2023-05-14T10:01:25.486Z] >>> [apiv2][body] POST https://upload-firebasehosting.googleapis.com/upload/sites/omnifood-users/versions/d15df013c2f02f2a/files/b159d507948148c5b81c0f2c3d9b680a7f5cae9862824a0556ff180bb5e7266d [stream]
[debug] [2023-05-14T10:01:25.487Z] [hosting][populate queue][FINAL] {"max":2219,"min":2219,"avg":2219,"active":0,"complete":1,"success":1,"errored":0,"retried":0,"total":1,"elapsed":2227}
[debug] [2023-05-14T10:01:25.488Z] [hosting] uploads queued: 4
[debug] [2023-05-14T10:01:27.225Z] <<< [apiv2][status] POST https://upload-firebasehosting.googleapis.com/upload/sites/omnifood-users/versions/d15df013c2f02f2a/files/2e12346fb9d003f848bdbf3fffd201506e238c39681f0a31f1088cf05514893d 200
[debug] [2023-05-14T10:01:27.225Z] <<< [apiv2][body] POST https://upload-firebasehosting.googleapis.com/upload/sites/omnifood-users/versions/d15df013c2f02f2a/files/2e12346fb9d003f848bdbf3fffd201506e238c39681f0a31f1088cf05514893d [stream]
[debug] [2023-05-14T10:01:28.179Z] <<< [apiv2][status] POST https://upload-firebasehosting.googleapis.com/upload/sites/omnifood-users/versions/d15df013c2f02f2a/files/30ff73437715e61c81c51ec4330315388a36c326a880f3454cf4f904ef5932a9 200
[debug] [2023-05-14T10:01:28.179Z] <<< [apiv2][body] POST https://upload-firebasehosting.googleapis.com/upload/sites/omnifood-users/versions/d15df013c2f02f2a/files/30ff73437715e61c81c51ec4330315388a36c326a880f3454cf4f904ef5932a9 [stream]
